启动浏览器，等待 10 秒让你登录...
总文档数: 229

等待 10 秒...

开始导出...

✗ 降本措施征集表_兰彬: 需要登录
✗ 降本措施征集表_余明华: 需要登录
✗ 降本措施征集表_廖青梅: 需要登录
✗ 预算快照（持续更新）: 需要登录
✗ 降本措施征集_余明华: 需要登录
✗ 降本措施征集_廖青梅: 需要登录
✗ 降本措施征集_兰彬: 需要登录
✗ 财务管理部预算削减方案: 需要登录
✗ 财务管理部预算削减方案_v2: 需要登录
✗ 智能纪要：现金流回正沟通会-人力板块 2026年1月12日: 需要登录
✗ 智能纪要：预算严控细则 2026年1月21日: 需要登录
✗ 文字记录：现金流回正沟通会-人力板块 2026年1月12日: 需要登录
✗ 公司现金流回正沟通会-销售及毛利端: 需要登录
✗ 智能纪要：公司现金流回正沟通会-销售及毛利端 2026年1月9日: 需要登录
✗ 奥特乐预算管理系统SOP: 需要登录
✗ 参数化现金流预测模型: 需要登录
✗ 动态EBITDA管理体系v2: 需要登录
✗ 各部门预算管理SOP: 需要登录
✗ EBITDA驱动的区域决策与门店健康度管理: 需要登录
✗ 现行预算调整流程分析与内控优化建议: 需要登录
✗ 合思费用及预算科目类型整合方案: 需要登录
✗ 门店预算填报指南 (V2.0 - 20250423): 需要登录
✗ 飞书预算框架: 需要登录
✗ 预算填报及审核说明书（V1.1 20250424）: 需要登录
✗ 智能纪要：门店端预算填写培训【基于飞书多维表格】 2025年5月22日: 需要登录
✗ 财务核算与预算架构与飞书架构不匹配问题梳理: 需要登录
✗ 预算注意事项Checklist: 需要登录
✗ 文字记录：预算严控细则 2026年1月21日: 需要登录
✗ 文字记录：公司现金流回正沟通会-销售及毛利端 2026年1月9日: 需要登录
✗ 智能纪要：保守口径EBITDA预测同步会 2025年12月29日: 需要登录
✗ 文字记录：保守口径EBITDA预测同步会 2025年12月29日: 需要登录
✗ 门店预算填报指南 (V2.0 - 20250423): 需要登录
✗ 文字记录：门店端预算填写培训【基于飞书多维表格】 2025年5月22日: 需要登录
✗ 预算优化项: 需要登录
✗ 门店预算填报指南 (V2.0 - 20250423): 需要登录
✗ 门店预算填报指南 (V2.0 - 20250423): 需要登录
✗ 销售预测逻辑汇报: 需要登录
✗ 2026年度经营测算及各部门可量化行动表: 需要登录
✗ 1月现金断尾清单V1: 需要登录
✗ 财务管理部2026管理框架: 需要登录
✗ 飞书: 需要登录
✗ 数据治理行业调研与建设建议报告: 需要登录
✗ 汇报材料_含未税收入差异问题: 需要登录
✗ 含未税收入问题处理 2025年12月19日: 需要登录
✗ 含未税收入问题处理 2025年12月19日: 需要登录
✗ 财务部2026年度OKR规划: 需要登录
✗ Untitled document: 需要登录
✗ Untitled document: 需要登录
✗ 2026目标: 需要登录
✗ 高效汇报培训材料: 需要登录
✗ 高效汇报的道与术（培训总结材料）: 需要登录
✗ DEMS 战略会汇报讲稿: 需要登录
✗ Untitled document: 需要登录
✗ 营销科目会议纪要: 需要登录
✗ 基于"既有店"的目标管理新逻辑及跨部门工作协同: 需要登录
✗ 陕西区假货损失: 需要登录
✗ Untitled document: 需要登录
✗ 何婉裔与梅杭俊的会话 2025年10月14日: 需要登录
✓ [1/229] 【最佳实践】Power Query常用代码
✗ 范心怡与梅杭俊的会话 2025年10月9日: 需要登录
✗ 月度纪要小结｜8月25日 - 9月19日: 需要登录
✗ 涉及公式: 需要登录
✗ 财务部重点工作介绍: 需要登录
✗ 人事核心流程优化建议 (离职、转正、调动): 需要登录
✗ 【实践规范】财务管理部文档规范: 需要登录
✗ 人员信息: 需要登录
✗ 财务管理部BI及数据库权限需求说明: 需要登录
✗ 【最佳实践】财务管理部EXCEL使用规范: 需要登录
✗ 目标&衡量标准周期总结复盘 (梅杭俊 0902): 需要登录
✗ 目标&衡量标准周期总结复盘 (梅杭俊 0902): 需要登录
✗ 工业风水泥墙具体方案参考: 需要登录
✗ Untitled document: 需要登录
✗ 现行组织架构及公司架构财务问题汇总: 需要登录
✗ 目标&衡量标准周期总结复盘 (梅杭俊 0808): 需要登录
✗ 夏菁与梅杭俊的会话 2025年8月8日: 需要登录

进度: 1/229 (0%)
失败: 74

✗ 目标管理现状、问题及潜在方向: 需要登录
✗ 高效汇报课程作业: 需要登录
✗ Untitled document: 需要登录
✗ 汇报的术与道（图文修订版）: 需要登录
✗ 财务效率倍增：单据AI预审工具投资方案: 需要登录
✗ 金字塔原则局限性: 需要登录
✗ 单据AI预审工具采购申请汇报: 需要登录
✗ 月度纪要小结（播客版）｜5月26日 - 6月20日: 需要登录
✗ 52周MD培训思考: 需要登录
✗ 52周MD培训沟通备忘录: 需要登录
✗ 流程图: 需要登录
✗ AI审核员Prompt: 需要登录
✗ 目标管理测算问题梳理: 需要登录
✗ 销售: 需要登录
✗ 安率旗: 需要登录
✗ Untitled document: 需要登录
✗ 画板文档: 需要登录
✗ 🛠️ 需求收集与管理，从此变得简单: 需要登录
✗ 会议纪要: 需要登录
✗ JINGYINGF: 需要登录
✗ Untitled document: 需要登录
✗ 重庆公租房社区店项目财务模型关键参数调研与确认需求: 需要登录
✗ 重庆公租房项目测算调研需求: 需要登录
✗ 重庆大区公租房项目: 需要登录
✗ 汇报参考: 需要登录
✗ 活动商品分析框架: 需要登录
✗ Untitled document: 需要登录
✗ 信息收集表: 需要登录
✗ 信息收集表: 需要登录
✗ 运营中心内控梳理: 需要登录
✗ 待办清单: 需要登录
✗ Untitled document: 需要登录
✗ Untitled document: 需要登录
✗ 项目管理甘特图，让协作高效起来: 需要登录
✗ 财务管理部工作回顾与展望: 需要登录
✗ 思维导图: 需要登录
✗ 夏菁与梅杭俊的会话 2024年10月12日: 需要登录
✗ 总部编制相关文档: 需要登录
✗ 运营经理编制文档: 需要登录
✗ 人力资源部编制文档: 需要登录
✗ 财务部编制相关文档: 需要登录
✗ 月度纪要小结｜11月24日 - 12月19日: 需要登录
✗ Untitled document: 需要登录
✗ Untitled document: 需要登录
✗ 模板使用说明: 需要登录
✗ AI审核员Prompt: 需要登录
✗ AI审核员Prompt: 需要登录
✗ 奥特乐AI创意大赛赛制规则: 需要登录
✗ 智能纪要：经营分析会报告 2026年1月16日: 需要登录
✗ 近期会议速递｜要点概览 2025年12月9日: 需要登录
✗ 智能纪要：BI门店利润表上线前功能评估 2025年6月25日: 需要登录
✗ 近期会议速递｜要点概览 2025年7月22日: 需要登录
✗ 近期会议速递｜要点概览 2025年6月10日: 需要登录
✗ 近期会议速递｜要点概览 2025年6月3日: 需要登录
✗ 文字记录：目标管理测算 2025年5月31日: 需要登录
✗ 智能纪要：目标管理测算 2025年5月31日: 需要登录
✗ 近期会议速递｜要点概览 2025年5月27日: 需要登录
✗ 近期会议速递｜要点概览 2025年5月13日: 需要登录
✗ 近期会议速递｜要点概览 2025年4月22日: 需要登录
✗ 近期会议速递｜要点概览 2025年4月15日: 需要登录
✗ 近期会议速递｜要点概览 2025年4月8日: 需要登录
✗ 近期会议速递｜要点概览 2025年3月25日: 需要登录
✗ 近期会议速递｜要点概览 2025年3月18日: 需要登录
✗ 近期会议速递｜要点概览 2025年3月11日: 需要登录
✗ 近期会议速递｜要点概览 2025年2月25日: 需要登录
✗ 近期会议速递｜要点概览 2025年3月4日: 需要登录
✓ [2/229] 智能纪要：mmm 2025年3月1日
✗ 文字记录：mmm 2025年3月1日: 需要登录
✗ 近期会议速递｜要点概览 2025年2月18日: 需要登录
✗ 经营分析会 2025年2月18日 - 智能纪要 副本: 需要登录
✗ 近期会议速递｜要点概览 2025年1月21日: 需要登录
✗ 近期会议速递｜要点概览 2025年1月14日: 需要登录
✗ 近期会议速递｜要点概览 2024年12月31日: 需要登录
✗ 文字记录：经营分析会报告 2026年1月16日: 需要登录
✗ 近期会议速递｜要点概览 2025年11月11日: 需要登录
✗ 近期会议速递｜要点概览 2025年10月28日: 需要登录
✗ 智能纪要：10月亏损门店复盘会 2025年10月13日: 需要登录
✗ 文字记录：10月亏损门店复盘会 2025年10月13日: 需要登录
✗ 近期会议速递｜要点概览 2025年9月16日: 需要登录

进度: 2/229 (1%)
失败: 152

✗ 近期会议速递｜要点概览 2025年7月1日: 需要登录
✗ 文字记录：BI门店利润表上线前功能评估 2025年6月25日: 需要登录
✗ 近期会议速递｜要点概览 2025年5月20日: 需要登录
✗ 近期会议速递｜要点概览 2025年4月29日: 需要登录
✗ 智能纪要：易快报费用填报新配置测试 2025年3月22日: 需要登录
✗ 文字记录：易快报费用填报新配置测试 2025年3月22日: 需要登录
✗ 经营分析会纪要: 需要登录
✗ 商管202512月度经营分析会报告 副本: 需要登录
✗ 商管202512月度经营分析会报告 副本: 需要登录
✗ 门店复盘与闭店决策方案 (PDCA循环法): 需要登录
✗ 门店编制相关文档: 需要登录
✗ 门店2023至今业绩情况: 需要登录
✗ 闭店: 需要登录
✗ 202507经营分析会PPT分工: 需要登录
✗ 优化月度经营分析会目标管理呈现方式探讨: 需要登录
✗ BI门店利润表待修改事项: 需要登录
✗ 预计闭店: 需要登录
✗ 门店数据历史追溯与SCD Type II方案研讨: 需要登录
✗ 经营分析会大纲_修订版_v1: 需要登录
✗ BI门店利润表相关需求: 需要登录
✗ 门店资产定期盘点: 需要登录
✗ 经营分析会复盘: 需要登录
✗ BI门店利润表: 需要登录
✗ 门店复盘与闭店决策方案 (PDCA循环法): 需要登录
✗ 供应链25年回顾及12月工作汇报 副本: 需要登录
✗ 梅杭俊周工作报告（2025年12月2日-12月8日）: 需要登录
✗ 梅杭俊周工作报告（2026年1月19日-1月23日）: 需要登录
✗ 梅杭俊综合周工作报告（2026年1月19日-1月23日）: 需要登录
✗ 梅杭俊周工作报告（2026年1月19日-1月23日）: 需要登录
✗ 梅杭俊周工作报告（2026年1月19日-1月23日）: 需要登录
✗ 梅杭俊周工作报告（2026年1月19日-1月23日）: 需要登录
✗ 梅杭俊周工作报告（2026年1月19日-1月23日）: 需要登录
✗ 梅杭俊周工作报告(2026年1月12日-1月18日): 需要登录
✗ 梅杭俊周工作报告(2026年1月12日-1月18日): 需要登录
✗ 梅杭俊周工作报告(2026年1月12日-1月18日): 需要登录
✗ 梅杭俊周工作报告(2026年1月12日-1月18日): 需要登录
✗ 梅杭俊周工作报告(2026年1月12日-1月18日): 需要登录
✗ 梅杭俊周工作报告(2026年1月12日-1月18日): 需要登录
✗ 梅杭俊综合周工作报告(2026年1月5日-1月12日): 需要登录
✗ 梅杭俊周工作报告(2026年1月6日-1月12日): 需要登录
✗ 梅杭俊周工作报告(2026年1月6日-1月12日): 需要登录
✗ 梅杭俊周工作报告(2026年1月6日-1月12日): 需要登录
✗ 梅杭俊周工作报告(2026年1月3日-1月9日): 需要登录
✗ 梅杭俊周工作报告(2026年1月3日-1月9日)详细分析与改进建议: 需要登录
✗ 梅杭俊周工作报告(2026年1月3日-1月9日): 需要登录
✗ 梅杭俊周工作报告(2025.12.30-2026.1.9): 需要登录
✗ 梅杭俊周工作报告(2025年12月30日-2026年1月5日): 需要登录
✗ 梅杭俊周工作报告（2025年12月22日-28日）: 需要登录
✗ 梅杭俊周工作报告（2025年12月22日-28日）: 需要登录
✗ 梅杭俊周工作报告（2025年12月22日-28日）: 需要登录
✗ 梅杭俊周工作报告（2025年12月22日-28日）: 需要登录
✗ 梅杭俊周工作报告（2025年12月22日-28日）: 需要登录
✗ 梅杭俊周工作报告（2025年12月22日-28日）: 需要登录
✗ 梅杭俊周工作报告（2025年12月22日-28日）: 需要登录
✗ 梅杭俊周工作报告（2025年12月22日-28日）: 需要登录
✗ 梅杭俊周工作报告（2025年12月22日-28日）: 需要登录
✗ 梅杭俊周工作报告（2025年12月22日-28日）: 需要登录
✗ 梅杭俊周工作报告（2025年12月15日-21日）: 需要登录
✗ 梅杭俊周工作报告（2025年12月15日-21日）: 需要登录
✗ 周工作报告（2025年12月第4周）: 需要登录
✗ 梅杭俊周工作报告（2025年12月15日-21日）: 需要登录
✗ 梅杭俊周工作报告（2025年12月14日-12月20日）: 需要登录
✗ 梅杭俊周工作报告（2025年12月14日-12月20日）: 需要登录
✗ 梅杭俊周工作报告（2025年12月8日-14日）: 需要登录
✗ 梅杭俊周工作报告（2025年12月8日-12月14日）: 需要登录
✗ 梅杭俊周工作报告（2025年12月8日-12月14日）: 需要登录
✗ 梅杭俊周工作报告（2025年12月8日-12月14日）: 需要登录
✗ 梅杭俊周工作报告（2025年12月8日-12月14日）: 需要登录
✗ 梅杭俊周工作报告（2025年12月2日-12月8日）: 需要登录
✗ 梅杭俊周工作报告（2025年12月2日-12月8日）: 需要登录
✗ 梅杭俊周工作报告（2025年12月2日-12月8日）: 需要登录
✗ 梅杭俊周工作报告与分析（2025年12月2日-12月8日）: 需要登录
✓ [3/229] 【技术文档】Excel函数最佳实践指南
✓ [4/229] 【技术文档】十分钟PowerQuery入门手册
✗ 【最佳实践】多维表格公式实操: 需要登录

✓ 完成！成功: -221 失败: 225
