开始导出 229 个文档...
✓ [1/229] 降本措施征集表_兰彬
✓ [2/229] 降本措施征集表_余明华
✓ [3/229] 降本措施征集表_廖青梅
✓ [4/229] 预算快照（持续更新）
✓ [5/229] 降本措施征集_余明华
✓ [6/229] 降本措施征集_廖青梅
✓ [7/229] 降本措施征集_兰彬
✓ [8/229] 财务管理部预算削减方案
✓ [9/229] 财务管理部预算削减方案_v2
✓ [10/229] 智能纪要：现金流回正沟通会-人力板块 2026年1月12日
✓ [11/229] 智能纪要：预算严控细则 2026年1月21日
✓ [12/229] 文字记录：现金流回正沟通会-人力板块 2026年1月12日
✓ [13/229] 公司现金流回正沟通会-销售及毛利端
✓ [14/229] 智能纪要：公司现金流回正沟通会-销售及毛利端 2026年1月9日
✓ [15/229] 奥特乐预算管理系统SOP
✓ [16/229] 参数化现金流预测模型
✓ [17/229] 动态EBITDA管理体系v2
✓ [18/229] 各部门预算管理SOP
✓ [19/229] EBITDA驱动的区域决策与门店健康度管理
✓ [20/229] 现行预算调整流程分析与内控优化建议
✓ [21/229] 合思费用及预算科目类型整合方案
✓ [22/229] 门店预算填报指南 (V2.0 - 20250423)
✓ [23/229] 飞书预算框架
✓ [24/229] 预算填报及审核说明书（V1.1 20250424）
✓ [25/229] 智能纪要：门店端预算填写培训【基于飞书多维表格】 2025年5月22日
✓ [26/229] 财务核算与预算架构与飞书架构不匹配问题梳理
✓ [27/229] 预算注意事项Checklist
✓ [28/229] 文字记录：预算严控细则 2026年1月21日
✓ [29/229] 文字记录：公司现金流回正沟通会-销售及毛利端 2026年1月9日
✓ [30/229] 智能纪要：保守口径EBITDA预测同步会 2025年12月29日
✓ [31/229] 文字记录：保守口径EBITDA预测同步会 2025年12月29日
✓ [32/229] 门店预算填报指南 (V2.0 - 20250423)
✓ [33/229] 文字记录：门店端预算填写培训【基于飞书多维表格】 2025年5月22日
✓ [34/229] 预算优化项
✓ [35/229] 门店预算填报指南 (V2.0 - 20250423)
✓ [36/229] 门店预算填报指南 (V2.0 - 20250423)
✓ [37/229] 销售预测逻辑汇报
✓ [38/229] 2026年度经营测算及各部门可量化行动表
✓ [39/229] 1月现金断尾清单V1
✓ [40/229] 财务管理部2026管理框架
✓ [41/229] 飞书
✓ [42/229] 数据治理行业调研与建设建议报告
✓ [43/229] 汇报材料_含未税收入差异问题
✓ [44/229] 含未税收入问题处理 2025年12月19日
✓ [45/229] 含未税收入问题处理 2025年12月19日
✓ [46/229] 财务部2026年度OKR规划
✗ Untitled document: page.waitForTimeout: Target page, context or browser has been closed
✗ Untitled document: page.goto: Target page, context or browser has been closed
Call log:
  - navigating to "https://ottno-cd.feishu.cn/wiki/Sx5Cw4MbHiMuHokI7z6ca32ZnHh", waiting until "domcontentloaded"

✗ 2026目标: page.goto: Target page, context or browser has been closed
Call log:
  - navigating to "https://ottno-cd.feishu.cn/docx/FmsodAVYvocyXjxtLoZcevpMn3b", waiting until "domcontentloaded"

✓ [47/229] 高效汇报培训材料
✓ [48/229] 高效汇报的道与术（培训总结材料）
✗ DEMS 战略会汇报讲稿: page.goto: net::ERR_ABORTED; maybe frame was detached?
Call log:
  - navigating to "https://ottno-cd.feishu.cn/wiki/JczPwbnBKiOaVHksnyjcpO2Dnrf", waiting until "domcontentloaded"

✗ Untitled document: page.waitForTimeout: Target page, context or browser has been closed
✗ 营销科目会议纪要: page.goto: net::ERR_ABORTED; maybe frame was detached?
Call log:
  - navigating to "https://ottno-cd.feishu.cn/docx/BA8nd34IdoxilyxfryvcbEDmnzg", waiting until "domcontentloaded"

✓ [49/229] 基于"既有店"的目标管理新逻辑及跨部门工作协同
✓ [50/229] 陕西区假货损失
✓ [51/229] Untitled document
✓ [52/229] 何婉裔与梅杭俊的会话 2025年10月14日
✗ 【最佳实践】Power Query常用代码: page.goto: net::ERR_ABORTED; maybe frame was detached?
Call log:
  - navigating to "https://ottno-cd.feishu.cn/docx/TyJkdeCU9oGwn3x2Jusc2MQFn5e", waiting until "domcontentloaded"

✗ 范心怡与梅杭俊的会话 2025年10月9日: page.goto: net::ERR_ABORTED; maybe frame was detached?
Call log:
  - navigating to "https://ottno-cd.feishu.cn/wiki/CZlRwFjQaiVVbHk6EmTcol1Gntc", waiting until "domcontentloaded"

✗ 月度纪要小结｜8月25日 - 9月19日: page.goto: net::ERR_ABORTED; maybe frame was detached?
Call log:
  - navigating to "https://ottno-cd.feishu.cn/docx/FVhxdqvyPoo5zExiS0BcQPR2nmd", waiting until "domcontentloaded"

