继续从第 1 个开始，共 229 个

[1/229] 降本措施征集表_兰彬
  ✓ 已保存
[2/229] 降本措施征集表_余明华
  ✓ 已保存
[3/229] 降本措施征集表_廖青梅
  ✓ 已保存
[4/229] 预算快照（持续更新）
  ✓ 已保存
[5/229] 降本措施征集_余明华
  ✓ 已保存
[6/229] 降本措施征集_廖青梅
  ✓ 已保存
[7/229] 降本措施征集_兰彬
  ✓ 已保存
[8/229] 财务管理部预算削减方案
  ✓ 已保存
[9/229] 财务管理部预算削减方案_v2
  ✓ 已保存
[10/229] 智能纪要：现金流回正沟通会-人力板块 2026年1月12日
  ✓ 已保存
[11/229] 智能纪要：预算严控细则 2026年1月21日
  ✓ 已保存
[12/229] 文字记录：现金流回正沟通会-人力板块 2026年1月12日
  ✓ 已保存
[13/229] 公司现金流回正沟通会-销售及毛利端
  ✓ 已保存
[14/229] 智能纪要：公司现金流回正沟通会-销售及毛利端 2026年1月9日
  ✓ 已保存
[15/229] 奥特乐预算管理系统SOP
  ✓ 已保存
[16/229] 参数化现金流预测模型
  ✓ 已保存
[17/229] 动态EBITDA管理体系v2
  ✓ 已保存
[18/229] 各部门预算管理SOP
  ✓ 已保存
[19/229] EBITDA驱动的区域决策与门店健康度管理
  ✓ 已保存
[20/229] 现行预算调整流程分析与内控优化建议
  ✓ 已保存

进度: 20/229 (失败: 0)

[21/229] 合思费用及预算科目类型整合方案
  ✓ 已保存
[22/229] 门店预算填报指南 (V2.0 - 20250423)
